{"level":"error","message":"error information"}
{"level":"error","message":"error information"}
{"level":"error","message":"error information"}
{"level":"error","message":"error information"}
2022-02-12T06:37:04.080Z  error: error information
14:38:37  error: error information
02-12 14:38:53  error: error information
02-12 14:39:25 [error]: error information
02-12 14:40:38 [[31merror[39m]: error information
02-12 14:43:04 [[31merror[39m]: error information
02-12 14:43:35 [[31merror[39m]: error information
02-12 14:43:48 [[31merror[39m]: error information
02-12 14:44:05 [[31merror[39m]: error information
02-12 14:44:16 [[31merror[39m]: error information
02-12 14:45:02 [[31merror[39m]: error information
02-12 14:45:04 [[31merror[39m]: error information
02-12 14:45:28 [[31merror[39m]: error information
02-12 14:45:31 [[31merror[39m]: error information
02-12 14:45:53 [[31merror[39m]: error information
02-12 14:45:55 [[31merror[39m]: error information
02-12 14:47:42 [[31merror[39m]: error information
02-12 14:48:03 [[31merror[39m]: error information
02-12 14:48:07 [[31merror[39m]: error information
